<?xml version="1.0" encoding="UTF-8"?>
<!-- Generated by org.testng.reporters.JUnitXMLReporter -->
<testsuite hostname="D200844" name="Surefire test" tests="1" failures="1" timestamp="28 Mar 2018 15:08:00 GMT" time="5.618" errors="0">
  <testcase name="feature" time="5.057" classname="RunCukesTest">
    <failure type="cucumber.runtime.CucumberException" message="java.lang.AssertionError: expected [false] but found [true]">
      <![CDATA[cucumber.runtime.CucumberException: java.lang.AssertionError: expected [false] but found [true]
	at cucumber.api.testng.TestNGCucumberRunner.runCucumber(TestNGCucumberRunner.java:69)
	at cucumber.api.testng.AbstractTestNGCucumberTests.feature(AbstractTestNGCucumberTests.java:21)
Caused by: java.lang.AssertionError: expected [false] but found [true]
	at cucumber.test.steps.MyStepdefs1.dvlsWebsite(MyStepdefs1.java:30)
	at ✽.Given As end user i want to opne browser(hm.feature:5)
... Removed 33 stack frames]]>
    </failure>
  </testcase> <!-- feature -->
</testsuite> <!-- Surefire test -->
